{"uuid":"059ae2db-bb50-48a5-a54d-dd5a78176439","historyId":"8ca94a52a1a89c0b544c5f05abbf209e","fullName":"org.example.tests.books.CreateBookTest.shouldCreateBookSuccessfully","labels":[{"name":"package","value":"org.example.tests.books.CreateBookTest"},{"name":"testClass","value":"org.example.tests.books.CreateBookTest"},{"name":"testMethod","value":"shouldCreateBookSuccessfully"},{"name":"parentSuite","value":"Default Suite"},{"name":"suite","value":"api-bookstore-framework"},{"name":"subSuite","value":"org.example.tests.books.CreateBookTest"},{"name":"host","value":"MacBook-Pro.local"},{"name":"thread","value":"98232@MacBook-Pro.local.main(1)"},{"name":"framework","value":"testng"},{"name":"language","value":"java"},{"name":"feature","value":"Create Book"},{"name":"owner","value":"Veronika Barkovska"},{"name":"epic","value":"Books API"},{"name":"severity","value":"critical"}],"links":[],"name":"POST book - should create new book successfully","status":"broken","statusDetails":{"known":false,"muted":false,"flaky":false,"message":"Conversion = '%'","trace":"java.util.UnknownFormatConversionException: Conversion = '%'\n\tat java.base/java.util.Formatter.parse(Formatter.java:2734)\n\tat java.base/java.util.Formatter.format(Formatter.java:2671)\n\tat java.base/java.util.Formatter.format(Formatter.java:2625)\n\tat java.base/java.lang.String.format(String.java:4145)\n\tat org.assertj.core.util.Strings.formatIfArgs(Strings.java:86)\n\tat org.assertj.core.description.TextDescription.value(TextDescription.java:51)\n\tat org.assertj.core.error.DescriptionFormatter.format(DescriptionFormatter.java:48)\n\tat org.assertj.core.error.MessageFormatter.format(MessageFormatter.java:62)\n\tat org.assertj.core.error.ShouldBeEqual.smartErrorMessage(ShouldBeEqual.java:161)\n\tat org.assertj.core.error.ShouldBeEqual.newAssertionError(ShouldBeEqual.java:115)\n\tat org.assertj.core.internal.Failures.failure(Failures.java:105)\n\tat org.assertj.core.internal.Comparables.assertEqual(Comparables.java:118)\n\tat org.assertj.core.api.AbstractIntegerAssert.isEqualTo(AbstractIntegerAssert.java:69)\n\tat org.assertj.core.api.IntegerAssert$ByteBuddy$DvowwckF.isEqualTo$accessor$FkwJCAQN(Unknown Source)\n\tat org.assertj.core.api.IntegerAssert$ByteBuddy$DvowwckF$AssertJ$SoftProxies$5Z3dD8UH.call(Unknown Source)\n\tat org.assertj.core.api.ErrorCollector.intercept(ErrorCollector.java:56)\n\tat org.assertj.core.api.IntegerAssert$ByteBuddy$DvowwckF.isEqualTo(Unknown Source)\n\tat org.assertj.core.api.IntegerAssert$ByteBuddy$DvowwckF.isEqualTo(Unknown Source)\n\tat org.example.tests.books.CreateBookTest.shouldCreateBookSuccessfully(CreateBookTest.java:33)\n\tat java.base/jdk.internal.reflect.NativeMethodAccessorImpl.invoke0(Native Method)\n\tat java.base/jdk.internal.reflect.NativeMethodAccessorImpl.invoke(NativeMethodAccessorImpl.java:77)\n\tat java.base/jdk.internal.reflect.DelegatingMethodAccessorImpl.invoke(DelegatingMethodAccessorImpl.java:43)\n\tat java.base/java.lang.reflect.Method.invoke(Method.java:569)\n\tat org.testng.internal.invokers.MethodInvocationHelper.invokeMethod(MethodInvocationHelper.java:139)\n\tat org.testng.internal.invokers.TestInvoker.invokeMethod(TestInvoker.java:664)\n\tat org.testng.internal.invokers.TestInvoker.invokeTestMethod(TestInvoker.java:227)\n\tat org.testng.internal.invokers.MethodRunner.runInSequence(MethodRunner.java:50)\n\tat org.testng.internal.invokers.TestInvoker$MethodInvocationAgent.invoke(TestInvoker.java:957)\n\tat org.testng.internal.invokers.TestInvoker.invokeTestMethods(TestInvoker.java:200)\n\tat org.testng.internal.invokers.TestMethodWorker.invokeTestMethods(TestMethodWorker.java:148)\n\tat org.testng.internal.invokers.TestMethodWorker.run(TestMethodWorker.java:128)\n\tat java.base/java.util.ArrayList.forEach(ArrayList.java:1511)\n\tat org.testng.TestRunner.privateRun(TestRunner.java:848)\n\tat org.testng.TestRunner.run(TestRunner.java:621)\n\tat org.testng.SuiteRunner.runTest(SuiteRunner.java:443)\n\tat org.testng.SuiteRunner.runSequentially(SuiteRunner.java:437)\n\tat org.testng.SuiteRunner.privateRun(SuiteRunner.java:397)\n\tat org.testng.SuiteRunner.run(SuiteRunner.java:336)\n\tat org.testng.SuiteRunnerWorker.runSuite(SuiteRunnerWorker.java:52)\n\tat org.testng.SuiteRunnerWorker.run(SuiteRunnerWorker.java:95)\n\tat org.testng.TestNG.runSuitesSequentially(TestNG.java:1280)\n\tat org.testng.TestNG.runSuitesLocally(TestNG.java:1200)\n\tat org.testng.TestNG.runSuites(TestNG.java:1114)\n\tat org.testng.TestNG.run(TestNG.java:1082)\n\tat com.intellij.rt.testng.IDEARemoteTestNG.run(IDEARemoteTestNG.java:65)\n\tat com.intellij.rt.testng.RemoteTestNGStarter.main(RemoteTestNGStarter.java:105)\n"},"stage":"finished","steps":[],"attachments":[],"parameters":[],"start":1761912622581,"stop":1761912623883}