{"uuid":"1a022d15-7347-4d67-8db8-d84070872a99","historyId":"a7bdc25fc4b2bc055d9249718b0dd302","fullName":"org.example.tests.books.edge_cases.GetBooksEdgeCasesTest.getNonExistingBookShouldReturn404","labels":[{"name":"package","value":"org.example.tests.books.edge_cases.GetBooksEdgeCasesTest"},{"name":"testClass","value":"org.example.tests.books.edge_cases.GetBooksEdgeCasesTest"},{"name":"testMethod","value":"getNonExistingBookShouldReturn404"},{"name":"parentSuite","value":"Default Suite"},{"name":"suite","value":"api-bookstore-framework"},{"name":"subSuite","value":"org.example.tests.books.edge_cases.GetBooksEdgeCasesTest"},{"name":"host","value":"MacBook-Pro.local"},{"name":"thread","value":"7419@MacBook-Pro.local.main(1)"},{"name":"framework","value":"testng"},{"name":"language","value":"java"},{"name":"owner","value":"Veronika Barkovska"},{"name":"epic","value":"Books API"},{"name":"feature","value":"GET Edge Cases"}],"links":[],"name":"GET book by non-existing ID should return 404","status":"failed","statusDetails":{"known":false,"muted":false,"flaky":false,"message":"\nThe following assertion failed:\n1) [GET non-existing book ID not found should return message] \nexpected: \"Not found\"\nbut was : \"Not Found\"\nat GetBooksEdgeCasesTest.getNonExistingBookShouldReturn404(GetBooksEdgeCasesTest.java:30)\n","trace":"org.assertj.core.api.SoftAssertionError: \nThe following assertion failed:\n1) [GET non-existing book ID not found should return message] \nexpected: \"Not found\"\nbut was : \"Not Found\"\nat GetBooksEdgeCasesTest.getNonExistingBookShouldReturn404(GetBooksEdgeCasesTest.java:30)\n\n\tat org.assertj.core.error.AssertionErrorCreator.multipleSoftAssertionsError(AssertionErrorCreator.java:100)\n\tat org.assertj.core.api.AbstractSoftAssertions.assertAll(AbstractSoftAssertions.java:38)\n\tat org.assertj.core.api.AbstractSoftAssertions.assertAll(AbstractSoftAssertions.java:43)\n\tat org.example.tests.books.edge_cases.GetBooksEdgeCasesTest.getNonExistingBookShouldReturn404(GetBooksEdgeCasesTest.java:31)\n\tat java.base/jdk.internal.reflect.NativeMethodAccessorImpl.invoke0(Native Method)\n\tat java.base/jdk.internal.reflect.NativeMethodAccessorImpl.invoke(NativeMethodAccessorImpl.java:77)\n\tat java.base/jdk.internal.reflect.DelegatingMethodAccessorImpl.invoke(DelegatingMethodAccessorImpl.java:43)\n\tat java.base/java.lang.reflect.Method.invoke(Method.java:569)\n\tat org.testng.internal.invokers.MethodInvocationHelper.invokeMethod(MethodInvocationHelper.java:139)\n\tat org.testng.internal.invokers.TestInvoker.invokeMethod(TestInvoker.java:664)\n\tat org.testng.internal.invokers.TestInvoker.invokeTestMethod(TestInvoker.java:227)\n\tat org.testng.internal.invokers.MethodRunner.runInSequence(MethodRunner.java:50)\n\tat org.testng.internal.invokers.TestInvoker$MethodInvocationAgent.invoke(TestInvoker.java:957)\n\tat org.testng.internal.invokers.TestInvoker.invokeTestMethods(TestInvoker.java:200)\n\tat org.testng.internal.invokers.TestMethodWorker.invokeTestMethods(TestMethodWorker.java:148)\n\tat org.testng.internal.invokers.TestMethodWorker.run(TestMethodWorker.java:128)\n\tat java.base/java.util.ArrayList.forEach(ArrayList.java:1511)\n\tat org.testng.TestRunner.privateRun(TestRunner.java:848)\n\tat org.testng.TestRunner.run(TestRunner.java:621)\n\tat org.testng.SuiteRunner.runTest(SuiteRunner.java:443)\n\tat org.testng.SuiteRunner.runSequentially(SuiteRunner.java:437)\n\tat org.testng.SuiteRunner.privateRun(SuiteRunner.java:397)\n\tat org.testng.SuiteRunner.run(SuiteRunner.java:336)\n\tat org.testng.SuiteRunnerWorker.runSuite(SuiteRunnerWorker.java:52)\n\tat org.testng.SuiteRunnerWorker.run(SuiteRunnerWorker.java:95)\n\tat org.testng.TestNG.runSuitesSequentially(TestNG.java:1280)\n\tat org.testng.TestNG.runSuitesLocally(TestNG.java:1200)\n\tat org.testng.TestNG.runSuites(TestNG.java:1114)\n\tat org.testng.TestNG.run(TestNG.java:1082)\n\tat com.intellij.rt.testng.IDEARemoteTestNG.run(IDEARemoteTestNG.java:65)\n\tat com.intellij.rt.testng.RemoteTestNGStarter.main(RemoteTestNGStarter.java:105)\n"},"stage":"finished","steps":[{"name":"Validate and extract body with status 404","status":"passed","stage":"finished","steps":[{"name":"Verify response status code is 404","status":"passed","stage":"finished","steps":[],"attachments":[],"parameters":[{"name":"response","value":"io.restassured.internal.RestAssuredResponseImpl@7fdd29f3"},{"name":"expected","value":"404"}],"start":1761999581464,"stop":1761999581464},{"name":"Extract response as class org.example.api.models.ErrorResponse","status":"passed","stage":"finished","steps":[],"attachments":[],"parameters":[{"name":"response","value":"io.restassured.internal.RestAssuredResponseImpl@7fdd29f3"},{"name":"clazz","value":"class org.example.api.models.ErrorResponse"}],"start":1761999581464,"stop":1761999581788}],"attachments":[],"parameters":[{"name":"response","value":"io.restassured.internal.RestAssuredResponseImpl@7fdd29f3"},{"name":"expectedStatus","value":"404"},{"name":"clazz","value":"class org.example.api.models.ErrorResponse"}],"start":1761999581463,"stop":1761999581788}],"attachments":[],"parameters":[],"start":1761999579322,"stop":1761999582185}