{"uuid":"5cbad3e8-a53b-49e6-8f85-833a827fffaa","historyId":"3e4c0ace3cf94397983867eeebd0dd6b","fullName":"org.example.tests.books.edge_cases.PostBooksEdgeCasesTest.postBookWithMinimalData","labels":[{"name":"package","value":"org.example.tests.books.edge_cases.PostBooksEdgeCasesTest"},{"name":"testClass","value":"org.example.tests.books.edge_cases.PostBooksEdgeCasesTest"},{"name":"testMethod","value":"postBookWithMinimalData"},{"name":"parentSuite","value":"Default Suite"},{"name":"suite","value":"api-bookstore-framework"},{"name":"subSuite","value":"org.example.tests.books.edge_cases.PostBooksEdgeCasesTest"},{"name":"host","value":"MacBook-Pro.local"},{"name":"thread","value":"99162@MacBook-Pro.local.main(1)"},{"name":"framework","value":"testng"},{"name":"language","value":"java"},{"name":"feature","value":"POST Edge Cases"},{"name":"owner","value":"Veronika Barkovska"},{"name":"epic","value":"Books API"}],"links":[],"name":"POST book with minimal data","status":"failed","statusDetails":{"known":false,"muted":false,"flaky":false,"message":"\nThe following assertion failed:\n1) [POST minimal book status code] \nexpected: 200\nbut was : 400\nat PostBooksEdgeCasesTest.postBookWithMinimalData(PostBooksEdgeCasesTest.java:34)\n","trace":"org.assertj.core.api.SoftAssertionError: \nThe following assertion failed:\n1) [POST minimal book status code] \nexpected: 200\nbut was : 400\nat PostBooksEdgeCasesTest.postBookWithMinimalData(PostBooksEdgeCasesTest.java:34)\n\n\tat org.assertj.core.error.AssertionErrorCreator.multipleSoftAssertionsError(AssertionErrorCreator.java:100)\n\tat org.assertj.core.api.AbstractSoftAssertions.assertAll(AbstractSoftAssertions.java:38)\n\tat org.assertj.core.api.AbstractSoftAssertions.assertAll(AbstractSoftAssertions.java:43)\n\tat org.example.tests.books.edge_cases.PostBooksEdgeCasesTest.postBookWithMinimalData(PostBooksEdgeCasesTest.java:36)\n\tat java.base/jdk.internal.reflect.NativeMethodAccessorImpl.invoke0(Native Method)\n\tat java.base/jdk.internal.reflect.NativeMethodAccessorImpl.invoke(NativeMethodAccessorImpl.java:77)\n\tat java.base/jdk.internal.reflect.DelegatingMethodAccessorImpl.invoke(DelegatingMethodAccessorImpl.java:43)\n\tat java.base/java.lang.reflect.Method.invoke(Method.java:569)\n\tat org.testng.internal.invokers.MethodInvocationHelper.invokeMethod(MethodInvocationHelper.java:139)\n\tat org.testng.internal.invokers.TestInvoker.invokeMethod(TestInvoker.java:664)\n\tat org.testng.internal.invokers.TestInvoker.invokeTestMethod(TestInvoker.java:227)\n\tat org.testng.internal.invokers.MethodRunner.runInSequence(MethodRunner.java:50)\n\tat org.testng.internal.invokers.TestInvoker$MethodInvocationAgent.invoke(TestInvoker.java:957)\n\tat org.testng.internal.invokers.TestInvoker.invokeTestMethods(TestInvoker.java:200)\n\tat org.testng.internal.invokers.TestMethodWorker.invokeTestMethods(TestMethodWorker.java:148)\n\tat org.testng.internal.invokers.TestMethodWorker.run(TestMethodWorker.java:128)\n\tat java.base/java.util.ArrayList.forEach(ArrayList.java:1511)\n\tat org.testng.TestRunner.privateRun(TestRunner.java:848)\n\tat org.testng.TestRunner.run(TestRunner.java:621)\n\tat org.testng.SuiteRunner.runTest(SuiteRunner.java:443)\n\tat org.testng.SuiteRunner.runSequentially(SuiteRunner.java:437)\n\tat org.testng.SuiteRunner.privateRun(SuiteRunner.java:397)\n\tat org.testng.SuiteRunner.run(SuiteRunner.java:336)\n\tat org.testng.SuiteRunnerWorker.runSuite(SuiteRunnerWorker.java:52)\n\tat org.testng.SuiteRunnerWorker.run(SuiteRunnerWorker.java:95)\n\tat org.testng.TestNG.runSuitesSequentially(TestNG.java:1280)\n\tat org.testng.TestNG.runSuitesLocally(TestNG.java:1200)\n\tat org.testng.TestNG.runSuites(TestNG.java:1114)\n\tat org.testng.TestNG.run(TestNG.java:1082)\n\tat com.intellij.rt.testng.IDEARemoteTestNG.run(IDEARemoteTestNG.java:65)\n\tat com.intellij.rt.testng.RemoteTestNGStarter.main(RemoteTestNGStarter.java:105)\n"},"stage":"finished","steps":[],"attachments":[],"parameters":[],"start":1761917822075,"stop":1761917822208}