{"uuid":"b5901549-a6d0-477b-82d0-d624b2d1b264","historyId":"618bcba0add0a97a5c02d4315b77309d","fullName":"org.example.tests.books.edge_cases.PutBooksEdgeCasesTest.updateNonExistingBookShouldReturn404","labels":[{"name":"package","value":"org.example.tests.books.edge_cases.PutBooksEdgeCasesTest"},{"name":"testClass","value":"org.example.tests.books.edge_cases.PutBooksEdgeCasesTest"},{"name":"testMethod","value":"updateNonExistingBookShouldReturn404"},{"name":"parentSuite","value":"Default Suite"},{"name":"suite","value":"api-bookstore-framework"},{"name":"subSuite","value":"org.example.tests.books.edge_cases.PutBooksEdgeCasesTest"},{"name":"host","value":"MacBook-Pro.local"},{"name":"thread","value":"7724@MacBook-Pro.local.main(1)"},{"name":"framework","value":"testng"},{"name":"language","value":"java"},{"name":"feature","value":"PUT Edge Cases"},{"name":"owner","value":"Veronika Barkovska"},{"name":"epic","value":"Books API"}],"links":[],"name":"PUT book with non-existing ID should return 404","status":"failed","statusDetails":{"known":false,"muted":false,"flaky":false,"message":"\nThe following 2 assertions failed:\n1) [PUT non-existing book ID 99999 should return 404] \nexpected: 404\nbut was : 0\nat PutBooksEdgeCasesTest.updateNonExistingBookShouldReturn404(PutBooksEdgeCasesTest.java:37)\n2) [PUT non-existing book ID Not Found should return message] \nexpected: \"Not Found\"\nbut was : \"Frequent Hearses\"\nat PutBooksEdgeCasesTest.updateNonExistingBookShouldReturn404(PutBooksEdgeCasesTest.java:41)\n","trace":"org.assertj.core.api.SoftAssertionError: \nThe following 2 assertions failed:\n1) [PUT non-existing book ID 99999 should return 404] \nexpected: 404\nbut was : 0\nat PutBooksEdgeCasesTest.updateNonExistingBookShouldReturn404(PutBooksEdgeCasesTest.java:37)\n2) [PUT non-existing book ID Not Found should return message] \nexpected: \"Not Found\"\nbut was : \"Frequent Hearses\"\nat PutBooksEdgeCasesTest.updateNonExistingBookShouldReturn404(PutBooksEdgeCasesTest.java:41)\n\n\tat org.assertj.core.error.AssertionErrorCreator.multipleSoftAssertionsError(AssertionErrorCreator.java:100)\n\tat org.assertj.core.api.AbstractSoftAssertions.assertAll(AbstractSoftAssertions.java:38)\n\tat org.assertj.core.api.AbstractSoftAssertions.assertAll(AbstractSoftAssertions.java:43)\n\tat org.example.tests.books.edge_cases.PutBooksEdgeCasesTest.updateNonExistingBookShouldReturn404(PutBooksEdgeCasesTest.java:43)\n\tat java.base/jdk.internal.reflect.NativeMethodAccessorImpl.invoke0(Native Method)\n\tat java.base/jdk.internal.reflect.NativeMethodAccessorImpl.invoke(NativeMethodAccessorImpl.java:77)\n\tat java.base/jdk.internal.reflect.DelegatingMethodAccessorImpl.invoke(DelegatingMethodAccessorImpl.java:43)\n\tat java.base/java.lang.reflect.Method.invoke(Method.java:569)\n\tat org.testng.internal.invokers.MethodInvocationHelper.invokeMethod(MethodInvocationHelper.java:139)\n\tat org.testng.internal.invokers.TestInvoker.invokeMethod(TestInvoker.java:664)\n\tat org.testng.internal.invokers.TestInvoker.invokeTestMethod(TestInvoker.java:227)\n\tat org.testng.internal.invokers.MethodRunner.runInSequence(MethodRunner.java:50)\n\tat org.testng.internal.invokers.TestInvoker$MethodInvocationAgent.invoke(TestInvoker.java:957)\n\tat org.testng.internal.invokers.TestInvoker.invokeTestMethods(TestInvoker.java:200)\n\tat org.testng.internal.invokers.TestMethodWorker.invokeTestMethods(TestMethodWorker.java:148)\n\tat org.testng.internal.invokers.TestMethodWorker.run(TestMethodWorker.java:128)\n\tat java.base/java.util.ArrayList.forEach(ArrayList.java:1511)\n\tat org.testng.TestRunner.privateRun(TestRunner.java:848)\n\tat org.testng.TestRunner.run(TestRunner.java:621)\n\tat org.testng.SuiteRunner.runTest(SuiteRunner.java:443)\n\tat org.testng.SuiteRunner.runSequentially(SuiteRunner.java:437)\n\tat org.testng.SuiteRunner.privateRun(SuiteRunner.java:397)\n\tat org.testng.SuiteRunner.run(SuiteRunner.java:336)\n\tat org.testng.SuiteRunnerWorker.runSuite(SuiteRunnerWorker.java:52)\n\tat org.testng.SuiteRunnerWorker.run(SuiteRunnerWorker.java:95)\n\tat org.testng.TestNG.runSuitesSequentially(TestNG.java:1280)\n\tat org.testng.TestNG.runSuitesLocally(TestNG.java:1200)\n\tat org.testng.TestNG.runSuites(TestNG.java:1114)\n\tat org.testng.TestNG.run(TestNG.java:1082)\n\tat com.intellij.rt.testng.IDEARemoteTestNG.run(IDEARemoteTestNG.java:65)\n\tat com.intellij.rt.testng.RemoteTestNGStarter.main(RemoteTestNGStarter.java:105)\n"},"stage":"finished","steps":[{"name":"Extract response as class org.example.api.models.ErrorResponse","status":"passed","stage":"finished","steps":[],"attachments":[],"parameters":[{"name":"response","value":"io.restassured.internal.RestAssuredResponseImpl@4ceb25e5"},{"name":"clazz","value":"class org.example.api.models.ErrorResponse"}],"start":1762001415430,"stop":1762001415432}],"attachments":[],"parameters":[],"start":1762001415258,"stop":1762001415434}