{"uuid":"cee78245-f6ca-4e6b-8ed1-c1f1d144114c","historyId":"419fbef8c8c152b66e09d7b57f70dd78","fullName":"org.example.tests.books.happy_path.DeleteBookTest.shouldDeleteBook","labels":[{"name":"package","value":"org.example.tests.books.happy_path.DeleteBookTest"},{"name":"testClass","value":"org.example.tests.books.happy_path.DeleteBookTest"},{"name":"testMethod","value":"shouldDeleteBook"},{"name":"parentSuite","value":"Default Suite"},{"name":"suite","value":"api-bookstore-framework"},{"name":"subSuite","value":"org.example.tests.books.happy_path.DeleteBookTest"},{"name":"host","value":"MacBook-Pro.local"},{"name":"thread","value":"6114@MacBook-Pro.local.main(1)"},{"name":"framework","value":"testng"},{"name":"language","value":"java"},{"name":"feature","value":"Delete Book"},{"name":"owner","value":"Veronika Barkovska"},{"name":"epic","value":"Books API"}],"links":[],"name":"DELETE book - should delete book successfully","status":"failed","statusDetails":{"known":false,"muted":false,"flaky":false,"message":"\nExpecting actual throwable to be an instance of:\n  java.lang.AssertionError\nbut was:\n  com.fasterxml.jackson.databind.exc.UnrecognizedPropertyException: Unrecognized field \"type\" (class org.example.api.models.BookModel), not marked as ignorable (6 known properties: \"pageCount\", \"excerpt\", \"title\", \"id\", \"description\", \"publishDate\"])\n at [Source: (String)\"{\"type\":\"https://tools.ietf.org/html/rfc7231#section-6.5.4\",\"title\":\"Not Found\",\"status\":404,\"traceId\":\"00-5ef95adb5900864e966b405cdd5b07ff-44faa73982fa9349-00\"}\"; line: 1, column: 10] (through reference chain: org.example.api.models.BookModel[\"type\"])\n\tat com.fasterxml.jackson.databind.exc.UnrecognizedPropertyException.from(UnrecognizedPropertyException.java:61)\n\tat com.fasterxml.jackson.databind.DeserializationContext.handleUnknownProperty(DeserializationContext.java:1138)\n\tat com.fasterxml.jackson.databind.deser.std.StdDeserializer.handleUnknownProperty(StdDeserializer.java:2224)\n\t...(53 remaining lines not displayed - this can be changed with Assertions.setMaxStackTraceElementsDisplayed)","trace":"java.lang.AssertionError: \nExpecting actual throwable to be an instance of:\n  java.lang.AssertionError\nbut was:\n  com.fasterxml.jackson.databind.exc.UnrecognizedPropertyException: Unrecognized field \"type\" (class org.example.api.models.BookModel), not marked as ignorable (6 known properties: \"pageCount\", \"excerpt\", \"title\", \"id\", \"description\", \"publishDate\"])\n at [Source: (String)\"{\"type\":\"https://tools.ietf.org/html/rfc7231#section-6.5.4\",\"title\":\"Not Found\",\"status\":404,\"traceId\":\"00-5ef95adb5900864e966b405cdd5b07ff-44faa73982fa9349-00\"}\"; line: 1, column: 10] (through reference chain: org.example.api.models.BookModel[\"type\"])\n\tat com.fasterxml.jackson.databind.exc.UnrecognizedPropertyException.from(UnrecognizedPropertyException.java:61)\n\tat com.fasterxml.jackson.databind.DeserializationContext.handleUnknownProperty(DeserializationContext.java:1138)\n\tat com.fasterxml.jackson.databind.deser.std.StdDeserializer.handleUnknownProperty(StdDeserializer.java:2224)\n\t...(53 remaining lines not displayed - this can be changed with Assertions.setMaxStackTraceElementsDisplayed)\n\tat org.example.tests.books.happy_path.DeleteBookTest.shouldDeleteBook(DeleteBookTest.java:31)\n\tat java.base/jdk.internal.reflect.NativeMethodAccessorImpl.invoke0(Native Method)\n\tat java.base/jdk.internal.reflect.NativeMethodAccessorImpl.invoke(NativeMethodAccessorImpl.java:77)\n\tat java.base/jdk.internal.reflect.DelegatingMethodAccessorImpl.invoke(DelegatingMethodAccessorImpl.java:43)\n\tat java.base/java.lang.reflect.Method.invoke(Method.java:569)\n\tat org.testng.internal.invokers.MethodInvocationHelper.invokeMethod(MethodInvocationHelper.java:139)\n\tat org.testng.internal.invokers.TestInvoker.invokeMethod(TestInvoker.java:664)\n\tat org.testng.internal.invokers.TestInvoker.invokeTestMethod(TestInvoker.java:227)\n\tat org.testng.internal.invokers.MethodRunner.runInSequence(MethodRunner.java:50)\n\tat org.testng.internal.invokers.TestInvoker$MethodInvocationAgent.invoke(TestInvoker.java:957)\n\tat org.testng.internal.invokers.TestInvoker.invokeTestMethods(TestInvoker.java:200)\n\tat org.testng.internal.invokers.TestMethodWorker.invokeTestMethods(TestMethodWorker.java:148)\n\tat org.testng.internal.invokers.TestMethodWorker.run(TestMethodWorker.java:128)\n\tat java.base/java.util.ArrayList.forEach(ArrayList.java:1511)\n\tat org.testng.TestRunner.privateRun(TestRunner.java:848)\n\tat org.testng.TestRunner.run(TestRunner.java:621)\n\tat org.testng.SuiteRunner.runTest(SuiteRunner.java:443)\n\tat org.testng.SuiteRunner.runSequentially(SuiteRunner.java:437)\n\tat org.testng.SuiteRunner.privateRun(SuiteRunner.java:397)\n\tat org.testng.SuiteRunner.run(SuiteRunner.java:336)\n\tat org.testng.SuiteRunnerWorker.runSuite(SuiteRunnerWorker.java:52)\n\tat org.testng.SuiteRunnerWorker.run(SuiteRunnerWorker.java:95)\n\tat org.testng.TestNG.runSuitesSequentially(TestNG.java:1280)\n\tat org.testng.TestNG.runSuitesLocally(TestNG.java:1200)\n\tat org.testng.TestNG.runSuites(TestNG.java:1114)\n\tat org.testng.TestNG.run(TestNG.java:1082)\n\tat com.intellij.rt.testng.IDEARemoteTestNG.run(IDEARemoteTestNG.java:65)\n\tat com.intellij.rt.testng.RemoteTestNGStarter.main(RemoteTestNGStarter.java:105)\n"},"stage":"finished","steps":[],"attachments":[],"parameters":[],"start":1761928427679,"stop":1761928429534}