{"uuid":"f398bcf9-4cea-40e6-9487-f930f41ea370","historyId":"8ca94a52a1a89c0b544c5f05abbf209e","fullName":"org.example.tests.books.CreateBookTest.shouldCreateBookSuccessfully","labels":[{"name":"package","value":"org.example.tests.books.CreateBookTest"},{"name":"testClass","value":"org.example.tests.books.CreateBookTest"},{"name":"testMethod","value":"shouldCreateBookSuccessfully"},{"name":"parentSuite","value":"Default Suite"},{"name":"suite","value":"api-bookstore-framework"},{"name":"subSuite","value":"org.example.tests.books.CreateBookTest"},{"name":"host","value":"MacBook-Pro.local"},{"name":"thread","value":"98560@MacBook-Pro.local.main(1)"},{"name":"framework","value":"testng"},{"name":"language","value":"java"},{"name":"feature","value":"Create Book"},{"name":"owner","value":"Veronika Barkovska"},{"name":"epic","value":"Books API"},{"name":"severity","value":"critical"}],"links":[],"name":"POST book - should create new book successfully","status":"broken","statusDetails":{"known":false,"muted":false,"flaky":false,"message":"Cannot deserialize value of type `java.time.OffsetDateTime` from String \"2024-01-07T04:18:11Z\": Failed to deserialize java.time.OffsetDateTime: (java.time.format.DateTimeParseException) Text '2024-01-07T04:18:11Z' could not be parsed at index 19\n at [Source: (String)\"{\"id\":0,\"title\":\"Taming a Sea Horse\",\"description\":\"Et odit ut impedit rerum voluptatibus quasi accusantium veniam autem optio fuga natus harum doloremque.\",\"pageCount\":316,\"excerpt\":\"Est in pariatur cumque aut optio ut occaecati. Velit dignissimos quas odio. Et vel dolorem vero iure officiis.\",\"publishDate\":\"2024-01-07T04:18:11Z\"}\"; line: 1, column: 311] (through reference chain: org.example.api.models.BookModel[\"publishDate\"])","trace":"com.fasterxml.jackson.databind.exc.InvalidFormatException: Cannot deserialize value of type `java.time.OffsetDateTime` from String \"2024-01-07T04:18:11Z\": Failed to deserialize java.time.OffsetDateTime: (java.time.format.DateTimeParseException) Text '2024-01-07T04:18:11Z' could not be parsed at index 19\n at [Source: (String)\"{\"id\":0,\"title\":\"Taming a Sea Horse\",\"description\":\"Et odit ut impedit rerum voluptatibus quasi accusantium veniam autem optio fuga natus harum doloremque.\",\"pageCount\":316,\"excerpt\":\"Est in pariatur cumque aut optio ut occaecati. Velit dignissimos quas odio. Et vel dolorem vero iure officiis.\",\"publishDate\":\"2024-01-07T04:18:11Z\"}\"; line: 1, column: 311] (through reference chain: org.example.api.models.BookModel[\"publishDate\"])\n\tat com.fasterxml.jackson.databind.exc.InvalidFormatException.from(InvalidFormatException.java:67)\n\tat com.fasterxml.jackson.databind.DeserializationContext.weirdStringException(DeserializationContext.java:2002)\n\tat com.fasterxml.jackson.databind.DeserializationContext.handleWeirdStringValue(DeserializationContext.java:1230)\n\tat com.fasterxml.jackson.datatype.jsr310.deser.JSR310DeserializerBase._handleDateTimeException(JSR310DeserializerBase.java:176)\n\tat com.fasterxml.jackson.datatype.jsr310.deser.InstantDeserializer._fromString(InstantDeserializer.java:301)\n\tat com.fasterxml.jackson.datatype.jsr310.deser.InstantDeserializer.deserialize(InstantDeserializer.java:211)\n\tat com.fasterxml.jackson.datatype.jsr310.deser.InstantDeserializer.deserialize(InstantDeserializer.java:52)\n\tat com.fasterxml.jackson.databind.deser.impl.MethodProperty.deserializeAndSet(MethodProperty.java:129)\n\tat com.fasterxml.jackson.databind.deser.BeanDeserializer.vanillaDeserialize(BeanDeserializer.java:314)\n\tat com.fasterxml.jackson.databind.deser.BeanDeserializer.deserialize(BeanDeserializer.java:177)\n\tat com.fasterxml.jackson.databind.deser.DefaultDeserializationContext.readRootValue(DefaultDeserializationContext.java:323)\n\tat com.fasterxml.jackson.databind.ObjectMapper._readMapAndClose(ObjectMapper.java:4825)\n\tat com.fasterxml.jackson.databind.ObjectMapper.readValue(ObjectMapper.java:3772)\n\tat com.fasterxml.jackson.databind.ObjectMapper$readValue$1.call(Unknown Source)\n\tat org.codehaus.groovy.runtime.callsite.CallSiteArray.defaultCall(CallSiteArray.java:47)\n\tat com.fasterxml.jackson.databind.ObjectMapper$readValue$1.call(Unknown Source)\n\tat io.restassured.internal.path.json.mapping.JsonPathJackson2ObjectDeserializer.deserialize(JsonPathJackson2ObjectDeserializer.groovy:46)\n\tat io.restassured.path.json.mapping.JsonPathObjectDeserializer$deserialize.call(Unknown Source)\n\tat io.restassured.internal.mapping.Jackson2Mapper.deserialize(Jackson2Mapper.groovy:58)\n\tat io.restassured.mapper.ObjectMapper$deserialize$0.call(Unknown Source)\n\tat io.restassured.internal.mapping.ObjectMapping.parseWithJackson2(ObjectMapping.groovy:238)\n\tat io.restassured.internal.mapping.ObjectMapping$parseWithJackson2$1.callStatic(Unknown Source)\n\tat io.restassured.internal.mapping.ObjectMapping.deserialize(ObjectMapping.groovy:59)\n\tat io.restassured.internal.mapping.ObjectMapping$deserialize$0.call(Unknown Source)\n\tat io.restassured.internal.RestAssuredResponseOptionsGroovyImpl.as(RestAssuredResponseOptionsGroovyImpl.groovy:231)\n\tat io.restassured.internal.RestAssuredResponseOptionsImpl.as(RestAssuredResponseOptionsImpl.java:169)\n\tat org.example.tests.books.CreateBookTest.shouldCreateBookSuccessfully(CreateBookTest.java:34)\n\tat java.base/jdk.internal.reflect.NativeMethodAccessorImpl.invoke0(Native Method)\n\tat java.base/jdk.internal.reflect.NativeMethodAccessorImpl.invoke(NativeMethodAccessorImpl.java:77)\n\tat java.base/jdk.internal.reflect.DelegatingMethodAccessorImpl.invoke(DelegatingMethodAccessorImpl.java:43)\n\tat java.base/java.lang.reflect.Method.invoke(Method.java:569)\n\tat org.testng.internal.invokers.MethodInvocationHelper.invokeMethod(MethodInvocationHelper.java:139)\n\tat org.testng.internal.invokers.TestInvoker.invokeMethod(TestInvoker.java:664)\n\tat org.testng.internal.invokers.TestInvoker.invokeTestMethod(TestInvoker.java:227)\n\tat org.testng.internal.invokers.MethodRunner.runInSequence(MethodRunner.java:50)\n\tat org.testng.internal.invokers.TestInvoker$MethodInvocationAgent.invoke(TestInvoker.java:957)\n\tat org.testng.internal.invokers.TestInvoker.invokeTestMethods(TestInvoker.java:200)\n\tat org.testng.internal.invokers.TestMethodWorker.invokeTestMethods(TestMethodWorker.java:148)\n\tat org.testng.internal.invokers.TestMethodWorker.run(TestMethodWorker.java:128)\n\tat java.base/java.util.ArrayList.forEach(ArrayList.java:1511)\n\tat org.testng.TestRunner.privateRun(TestRunner.java:848)\n\tat org.testng.TestRunner.run(TestRunner.java:621)\n\tat org.testng.SuiteRunner.runTest(SuiteRunner.java:443)\n\tat org.testng.SuiteRunner.runSequentially(SuiteRunner.java:437)\n\tat org.testng.SuiteRunner.privateRun(SuiteRunner.java:397)\n\tat org.testng.SuiteRunner.run(SuiteRunner.java:336)\n\tat org.testng.SuiteRunnerWorker.runSuite(SuiteRunnerWorker.java:52)\n\tat org.testng.SuiteRunnerWorker.run(SuiteRunnerWorker.java:95)\n\tat org.testng.TestNG.runSuitesSequentially(TestNG.java:1280)\n\tat org.testng.TestNG.runSuitesLocally(TestNG.java:1200)\n\tat org.testng.TestNG.runSuites(TestNG.java:1114)\n\tat org.testng.TestNG.run(TestNG.java:1082)\n\tat com.intellij.rt.testng.IDEARemoteTestNG.run(IDEARemoteTestNG.java:65)\n\tat com.intellij.rt.testng.RemoteTestNGStarter.main(RemoteTestNGStarter.java:105)\nCaused by: java.time.format.DateTimeParseException: Text '2024-01-07T04:18:11Z' could not be parsed at index 19\n\tat java.base/java.time.format.DateTimeFormatter.parseResolved0(DateTimeFormatter.java:2052)\n\tat java.base/java.time.format.DateTimeFormatter.parse(DateTimeFormatter.java:1880)\n\tat com.fasterxml.jackson.datatype.jsr310.deser.InstantDeserializer._fromString(InstantDeserializer.java:295)\n\t... 49 more\n"},"stage":"finished","steps":[],"attachments":[],"parameters":[],"start":1761914667169,"stop":1761914723346}