{"uuid":"f9689562-3b9d-4554-9466-a82c76e9d661","historyId":"13501e70d914f0a8866728d536f60212","fullName":"org.example.tests.books.edge_cases.PutBooksEdgeCasesTest.updateBookWithMinimalData","labels":[{"name":"package","value":"org.example.tests.books.edge_cases.PutBooksEdgeCasesTest"},{"name":"testClass","value":"org.example.tests.books.edge_cases.PutBooksEdgeCasesTest"},{"name":"testMethod","value":"updateBookWithMinimalData"},{"name":"parentSuite","value":"Default Suite"},{"name":"suite","value":"api-bookstore-framework"},{"name":"subSuite","value":"org.example.tests.books.edge_cases.PutBooksEdgeCasesTest"},{"name":"host","value":"MacBook-Pro.local"},{"name":"thread","value":"7677@MacBook-Pro.local.main(1)"},{"name":"framework","value":"testng"},{"name":"language","value":"java"},{"name":"feature","value":"PUT Edge Cases"},{"name":"owner","value":"Veronika Barkovska"},{"name":"epic","value":"Books API"}],"links":[],"name":"PUT book update with minimal data","status":"broken","statusDetails":{"known":false,"muted":false,"flaky":false,"message":"Unrecognized field \"errors\" (class org.example.api.models.ErrorResponse), not marked as ignorable (4 known properties: \"title\", \"type\", \"traceId\", \"status\"])\n at [Source: (String)\"{\"type\":\"https://tools.ietf.org/html/rfc7231#section-6.5.1\",\"title\":\"One or more validation errors occurred.\",\"status\":400,\"traceId\":\"00-1f9d66f25af39c46b4b490f89a521455-cdbe621620758241-00\",\"errors\":{\"$.publishDate\":[\"The JSON value could not be converted to System.DateTime. Path: $.publishDate | LineNumber: 0 | BytePositionInLine: 87.\"]}}\"; line: 1, column: 202] (through reference chain: org.example.api.models.ErrorResponse[\"errors\"])","trace":"com.fasterxml.jackson.databind.exc.UnrecognizedPropertyException: Unrecognized field \"errors\" (class org.example.api.models.ErrorResponse), not marked as ignorable (4 known properties: \"title\", \"type\", \"traceId\", \"status\"])\n at [Source: (String)\"{\"type\":\"https://tools.ietf.org/html/rfc7231#section-6.5.1\",\"title\":\"One or more validation errors occurred.\",\"status\":400,\"traceId\":\"00-1f9d66f25af39c46b4b490f89a521455-cdbe621620758241-00\",\"errors\":{\"$.publishDate\":[\"The JSON value could not be converted to System.DateTime. Path: $.publishDate | LineNumber: 0 | BytePositionInLine: 87.\"]}}\"; line: 1, column: 202] (through reference chain: org.example.api.models.ErrorResponse[\"errors\"])\n\tat com.fasterxml.jackson.databind.exc.UnrecognizedPropertyException.from(UnrecognizedPropertyException.java:61)\n\tat com.fasterxml.jackson.databind.DeserializationContext.handleUnknownProperty(DeserializationContext.java:1138)\n\tat com.fasterxml.jackson.databind.deser.std.StdDeserializer.handleUnknownProperty(StdDeserializer.java:2224)\n\tat com.fasterxml.jackson.databind.deser.BeanDeserializerBase.handleUnknownProperty(BeanDeserializerBase.java:1709)\n\tat com.fasterxml.jackson.databind.deser.BeanDeserializerBase.handleUnknownVanilla(BeanDeserializerBase.java:1687)\n\tat com.fasterxml.jackson.databind.deser.BeanDeserializer.vanillaDeserialize(BeanDeserializer.java:320)\n\tat com.fasterxml.jackson.databind.deser.BeanDeserializer.deserialize(BeanDeserializer.java:177)\n\tat com.fasterxml.jackson.databind.deser.DefaultDeserializationContext.readRootValue(DefaultDeserializationContext.java:323)\n\tat com.fasterxml.jackson.databind.ObjectMapper._readMapAndClose(ObjectMapper.java:4825)\n\tat com.fasterxml.jackson.databind.ObjectMapper.readValue(ObjectMapper.java:3772)\n\tat com.fasterxml.jackson.databind.ObjectMapper$readValue$1.call(Unknown Source)\n\tat io.restassured.internal.path.json.mapping.JsonPathJackson2ObjectDeserializer.deserialize(JsonPathJackson2ObjectDeserializer.groovy:46)\n\tat io.restassured.path.json.mapping.JsonPathObjectDeserializer$deserialize.call(Unknown Source)\n\tat io.restassured.internal.mapping.Jackson2Mapper.deserialize(Jackson2Mapper.groovy:58)\n\tat io.restassured.mapper.ObjectMapper$deserialize$0.call(Unknown Source)\n\tat io.restassured.internal.mapping.ObjectMapping.parseWithJackson2(ObjectMapping.groovy:238)\n\tat io.restassured.internal.mapping.ObjectMapping$parseWithJackson2$1.callStatic(Unknown Source)\n\tat io.restassured.internal.mapping.ObjectMapping.deserialize(ObjectMapping.groovy:59)\n\tat io.restassured.internal.mapping.ObjectMapping$deserialize$0.call(Unknown Source)\n\tat io.restassured.internal.RestAssuredResponseOptionsGroovyImpl.as(RestAssuredResponseOptionsGroovyImpl.groovy:231)\n\tat io.restassured.internal.RestAssuredResponseOptionsImpl.as(RestAssuredResponseOptionsImpl.java:169)\n\tat org.example.api.core.services.BaseService.extractBody(BaseService.java:20)\n\tat org.example.api.services.BookService.updateBookInvalid(BookService.java:45)\n\tat org.example.tests.books.edge_cases.PutBooksEdgeCasesTest.updateBookWithMinimalData(PutBooksEdgeCasesTest.java:58)\n\tat java.base/jdk.internal.reflect.NativeMethodAccessorImpl.invoke0(Native Method)\n\tat java.base/jdk.internal.reflect.NativeMethodAccessorImpl.invoke(NativeMethodAccessorImpl.java:77)\n\tat java.base/jdk.internal.reflect.DelegatingMethodAccessorImpl.invoke(DelegatingMethodAccessorImpl.java:43)\n\tat java.base/java.lang.reflect.Method.invoke(Method.java:569)\n\tat org.testng.internal.invokers.MethodInvocationHelper.invokeMethod(MethodInvocationHelper.java:139)\n\tat org.testng.internal.invokers.TestInvoker.invokeMethod(TestInvoker.java:664)\n\tat org.testng.internal.invokers.TestInvoker.invokeTestMethod(TestInvoker.java:227)\n\tat org.testng.internal.invokers.MethodRunner.runInSequence(MethodRunner.java:50)\n\tat org.testng.internal.invokers.TestInvoker$MethodInvocationAgent.invoke(TestInvoker.java:957)\n\tat org.testng.internal.invokers.TestInvoker.invokeTestMethods(TestInvoker.java:200)\n\tat org.testng.internal.invokers.TestMethodWorker.invokeTestMethods(TestMethodWorker.java:148)\n\tat org.testng.internal.invokers.TestMethodWorker.run(TestMethodWorker.java:128)\n\tat java.base/java.util.ArrayList.forEach(ArrayList.java:1511)\n\tat org.testng.TestRunner.privateRun(TestRunner.java:848)\n\tat org.testng.TestRunner.run(TestRunner.java:621)\n\tat org.testng.SuiteRunner.runTest(SuiteRunner.java:443)\n\tat org.testng.SuiteRunner.runSequentially(SuiteRunner.java:437)\n\tat org.testng.SuiteRunner.privateRun(SuiteRunner.java:397)\n\tat org.testng.SuiteRunner.run(SuiteRunner.java:336)\n\tat org.testng.SuiteRunnerWorker.runSuite(SuiteRunnerWorker.java:52)\n\tat org.testng.SuiteRunnerWorker.run(SuiteRunnerWorker.java:95)\n\tat org.testng.TestNG.runSuitesSequentially(TestNG.java:1280)\n\tat org.testng.TestNG.runSuitesLocally(TestNG.java:1200)\n\tat org.testng.TestNG.runSuites(TestNG.java:1114)\n\tat org.testng.TestNG.run(TestNG.java:1082)\n\tat com.intellij.rt.testng.IDEARemoteTestNG.run(IDEARemoteTestNG.java:65)\n\tat com.intellij.rt.testng.RemoteTestNGStarter.main(RemoteTestNGStarter.java:105)\n"},"stage":"finished","steps":[{"name":"Extract response as class org.example.api.models.ErrorResponse","status":"broken","statusDetails":{"known":false,"muted":false,"flaky":false,"message":"Unrecognized field \"errors\" (class org.example.api.models.ErrorResponse), not marked as ignorable (4 known properties: \"title\", \"type\", \"traceId\", \"status\"])\n at [Source: (String)\"{\"type\":\"https://tools.ietf.org/html/rfc7231#section-6.5.1\",\"title\":\"One or more validation errors occurred.\",\"status\":400,\"traceId\":\"00-1f9d66f25af39c46b4b490f89a521455-cdbe621620758241-00\",\"errors\":{\"$.publishDate\":[\"The JSON value could not be converted to System.DateTime. Path: $.publishDate | LineNumber: 0 | BytePositionInLine: 87.\"]}}\"; line: 1, column: 202] (through reference chain: org.example.api.models.ErrorResponse[\"errors\"])","trace":"com.fasterxml.jackson.databind.exc.UnrecognizedPropertyException: Unrecognized field \"errors\" (class org.example.api.models.ErrorResponse), not marked as ignorable (4 known properties: \"title\", \"type\", \"traceId\", \"status\"])\n at [Source: (String)\"{\"type\":\"https://tools.ietf.org/html/rfc7231#section-6.5.1\",\"title\":\"One or more validation errors occurred.\",\"status\":400,\"traceId\":\"00-1f9d66f25af39c46b4b490f89a521455-cdbe621620758241-00\",\"errors\":{\"$.publishDate\":[\"The JSON value could not be converted to System.DateTime. Path: $.publishDate | LineNumber: 0 | BytePositionInLine: 87.\"]}}\"; line: 1, column: 202] (through reference chain: org.example.api.models.ErrorResponse[\"errors\"])\n\tat com.fasterxml.jackson.databind.exc.UnrecognizedPropertyException.from(UnrecognizedPropertyException.java:61)\n\tat com.fasterxml.jackson.databind.DeserializationContext.handleUnknownProperty(DeserializationContext.java:1138)\n\tat com.fasterxml.jackson.databind.deser.std.StdDeserializer.handleUnknownProperty(StdDeserializer.java:2224)\n\tat com.fasterxml.jackson.databind.deser.BeanDeserializerBase.handleUnknownProperty(BeanDeserializerBase.java:1709)\n\tat com.fasterxml.jackson.databind.deser.BeanDeserializerBase.handleUnknownVanilla(BeanDeserializerBase.java:1687)\n\tat com.fasterxml.jackson.databind.deser.BeanDeserializer.vanillaDeserialize(BeanDeserializer.java:320)\n\tat com.fasterxml.jackson.databind.deser.BeanDeserializer.deserialize(BeanDeserializer.java:177)\n\tat com.fasterxml.jackson.databind.deser.DefaultDeserializationContext.readRootValue(DefaultDeserializationContext.java:323)\n\tat com.fasterxml.jackson.databind.ObjectMapper._readMapAndClose(ObjectMapper.java:4825)\n\tat com.fasterxml.jackson.databind.ObjectMapper.readValue(ObjectMapper.java:3772)\n\tat com.fasterxml.jackson.databind.ObjectMapper$readValue$1.call(Unknown Source)\n\tat io.restassured.internal.path.json.mapping.JsonPathJackson2ObjectDeserializer.deserialize(JsonPathJackson2ObjectDeserializer.groovy:46)\n\tat io.restassured.path.json.mapping.JsonPathObjectDeserializer$deserialize.call(Unknown Source)\n\tat io.restassured.internal.mapping.Jackson2Mapper.deserialize(Jackson2Mapper.groovy:58)\n\tat io.restassured.mapper.ObjectMapper$deserialize$0.call(Unknown Source)\n\tat io.restassured.internal.mapping.ObjectMapping.parseWithJackson2(ObjectMapping.groovy:238)\n\tat io.restassured.internal.mapping.ObjectMapping$parseWithJackson2$1.callStatic(Unknown Source)\n\tat io.restassured.internal.mapping.ObjectMapping.deserialize(ObjectMapping.groovy:59)\n\tat io.restassured.internal.mapping.ObjectMapping$deserialize$0.call(Unknown Source)\n\tat io.restassured.internal.RestAssuredResponseOptionsGroovyImpl.as(RestAssuredResponseOptionsGroovyImpl.groovy:231)\n\tat io.restassured.internal.RestAssuredResponseOptionsImpl.as(RestAssuredResponseOptionsImpl.java:169)\n\tat org.example.api.core.services.BaseService.extractBody(BaseService.java:20)\n\tat org.example.api.services.BookService.updateBookInvalid(BookService.java:45)\n\tat org.example.tests.books.edge_cases.PutBooksEdgeCasesTest.updateBookWithMinimalData(PutBooksEdgeCasesTest.java:58)\n\tat java.base/jdk.internal.reflect.NativeMethodAccessorImpl.invoke0(Native Method)\n\tat java.base/jdk.internal.reflect.NativeMethodAccessorImpl.invoke(NativeMethodAccessorImpl.java:77)\n\tat java.base/jdk.internal.reflect.DelegatingMethodAccessorImpl.invoke(DelegatingMethodAccessorImpl.java:43)\n\tat java.base/java.lang.reflect.Method.invoke(Method.java:569)\n\tat org.testng.internal.invokers.MethodInvocationHelper.invokeMethod(MethodInvocationHelper.java:139)\n\tat org.testng.internal.invokers.TestInvoker.invokeMethod(TestInvoker.java:664)\n\tat org.testng.internal.invokers.TestInvoker.invokeTestMethod(TestInvoker.java:227)\n\tat org.testng.internal.invokers.MethodRunner.runInSequence(MethodRunner.java:50)\n\tat org.testng.internal.invokers.TestInvoker$MethodInvocationAgent.invoke(TestInvoker.java:957)\n\tat org.testng.internal.invokers.TestInvoker.invokeTestMethods(TestInvoker.java:200)\n\tat org.testng.internal.invokers.TestMethodWorker.invokeTestMethods(TestMethodWorker.java:148)\n\tat org.testng.internal.invokers.TestMethodWorker.run(TestMethodWorker.java:128)\n\tat java.base/java.util.ArrayList.forEach(ArrayList.java:1511)\n\tat org.testng.TestRunner.privateRun(TestRunner.java:848)\n\tat org.testng.TestRunner.run(TestRunner.java:621)\n\tat org.testng.SuiteRunner.runTest(SuiteRunner.java:443)\n\tat org.testng.SuiteRunner.runSequentially(SuiteRunner.java:437)\n\tat org.testng.SuiteRunner.privateRun(SuiteRunner.java:397)\n\tat org.testng.SuiteRunner.run(SuiteRunner.java:336)\n\tat org.testng.SuiteRunnerWorker.runSuite(SuiteRunnerWorker.java:52)\n\tat org.testng.SuiteRunnerWorker.run(SuiteRunnerWorker.java:95)\n\tat org.testng.TestNG.runSuitesSequentially(TestNG.java:1280)\n\tat org.testng.TestNG.runSuitesLocally(TestNG.java:1200)\n\tat org.testng.TestNG.runSuites(TestNG.java:1114)\n\tat org.testng.TestNG.run(TestNG.java:1082)\n\tat com.intellij.rt.testng.IDEARemoteTestNG.run(IDEARemoteTestNG.java:65)\n\tat com.intellij.rt.testng.RemoteTestNGStarter.main(RemoteTestNGStarter.java:105)\n"},"stage":"finished","steps":[],"attachments":[],"parameters":[{"name":"response","value":"io.restassured.internal.RestAssuredResponseImpl@a6ca9bb"},{"name":"clazz","value":"class org.example.api.models.ErrorResponse"}],"start":1762001185340,"stop":1762001185344}],"attachments":[],"parameters":[],"start":1762001185220,"stop":1762001185344}